<?xml version="1.0" encoding="UTF-8"?>
<!-- Generated by org.testng.reporters.JUnitReportReporter -->
<testsuite hostname="DESKTOP-E097QFK" failures="0" tests="1" name="Ecommerce.Ecommerce.Homepage" time="19.065" errors="0" timestamp="24 Mar 2021 16:48:00 GMT" skipped="0">
  <testcase classname="Ecommerce.Ecommerce.Homepage" name="Verify_Add_Item_To_Cart" time="19.065"/>
</testsuite> <!-- Ecommerce.Ecommerce.Homepage -->
